Arguments: 
  /nix/store/9g2w08zkmj60d97bc0ci62w6msfdi9av-nodejs-14.18.3/bin/node /nix/store/ms6qmg7zicwy03rq9radb922ylqywxqq-yarn-1.22.17/bin/yarn

PATH: 
  /home/runner/bts-apedao-voting-demo/.config/npm/node_global/bin:/home/runner/bts-apedao-voting-demo/node_modules/.bin:/nix/store/bccsypsvjskpzsgzww8bzjgqmck4bjbf-bash-interactive-5.1-p8/bin:/nix/store/bqmg7l0jn6nhgjlfc981g1imzb6ny8xl-patchelf-0.13/bin:/nix/store/2qwnn6lizc9d119kp3zig3q19gbfm4n6-gcc-wrapper-10.3.0/bin:/nix/store/6r5h4h7nqx73m87j5b9sjwy2x9kyri0k-gcc-10.3.0/bin:/nix/store/csz8v8xi2f644j26n84i20dnqmq43sih-glibc-2.33-117-bin/bin:/nix/store/jd1y449cf66yx5d1hwyjvc4562b1p1am-coreutils-9.0/bin:/nix/store/spm7d6ncyx2k5w8yl6clzynv2s4wf1kp-binutils-wrapper-2.35.2/bin:/nix/store/h19zwlkrp6b0hp3ypbqdcggnyarn3af6-binutils-2.35.2/bin:/nix/store/ra8r42571xvv1m85wanh1ll9mxmp0mwl-nodejs-16.13.2/bin:/nix/store/rszcnphk27fvfr2hq5pcr07jccf2dqy1-typescript-language-server-0.9.6/bin:/nix/store/ms6qmg7zicwy03rq9radb922ylqywxqq-yarn-1.22.17/bin:/nix/store/z3f1lqsxb31bzv36wzmjj3qp9gp9ci14-jest-cli-23.6.0/bin:/nix/store/jjvw20r6pz3ff7pn91yhvfx8s7izsqan-findutils-4.8.0/bin:/nix/store/ndd6gh8zigjy0j68arj7nyrbcw4kcw01-diffutils-3.8/bin:/nix/store/bpg0ia8nkavzw7s66avi1f9nz72i1p3r-gnused-4.8/bin:/nix/store/df3ff57sbkgbdhc4ar19zs4y0hrhggii-gnugrep-3.7/bin:/nix/store/4fv981732jqzirah3h2y6ynmlsfbxb37-gawk-5.1.1/bin:/nix/store/k5ifa08z0qlkknnb8s1bdh2kdrx0qmd0-gnutar-1.34/bin:/nix/store/dcird3wn9xywy49w3qq1hpjwvjfn3lph-gzip-1.11/bin:/nix/store/s85iyc3p9nbinwvwx9rcqirf1m68zpmm-bzip2-1.0.6.0.2-bin/bin:/nix/store/msncxcf5lgy5by9cqjyxchxd26x47d64-gnumake-4.3/bin:/nix/store/bm7jr70d9ghn5cczb3q0w90apsm05p54-bash-5.1-p8/bin:/nix/store/gi3psbgxbf2fmvgi36pmw77nnh58vq3l-patch-2.7.6/bin:/nix/store/sqb20f4rk80lw21j4is85qwljlphmn3g-xz-5.2.5-bin/bin:/nix/store/i3fzw46wdkbi180kwn5nr8jw26sadqvk-prybar-elisp-0.0.0-24a859a/bin:/nix/store/kq5wvipc7z9458hn044v563bqq65scgp-prybar-lua-0.0.0-24a859a/bin:/nix/store/yy8ap0nzbpja6ldl1p7r5m8snsdrgdjz-prybar-python3-0.0.0-24a859a/bin:/nix/store/hhfw71w8jkpr0rl1aa0a0l57zq67y5n6-prybar-sqlite-0.0.0-24a859a/bin:/nix/store/sa36acmda2150rn989yx5gg07qv82n88-prybar-tcl-0.0.0-24a859a/bin:/nix/store/hpbvrlwd5viqmvcaisb3x0118i913a9n-stderred-0.1.0/bin:/nix/store/yi5rn2y5hx3zszx7qg5iqp374by9v655-upm-0.0.0-ff7c937/bin:/nix/store/z9ny1cwr5ll257c9rv9r7wmyh7b3mjrs-pid1-0.0.0-569e0e8/bin:/nix/store/22jj08nss8zvbgk52ikj09ssg6rw84rv-silver-searcher-2.2.0/bin:/nix/store/d3whkb9c3znnicbj5m6g5qwa7ia60z8i-bash/bin:/nix/store/176gh50y24c0lx2bnnmsvf9wazb73php-coreutils-9.0/bin:/nix/store/zaamc32wijqka1mg8w2gr1f6bgvs7yyz-vscode-cpptools-dap-1.3.1/bin:/nix/store/ann2w0blx5vrc8mw1hwnvb37gry6ci9a-replit-python-dap-wrapper-1.0.0/bin:/nix/store/gvzyha79wkr1xazax4fd9nnbj8yp9rv6-node-dap/bin:/nix/store/lyzn4qly8k878lgfy1b399w58q4khys2-fluxbox/bin:/nix/store/bg1bhjsq967dzpkbbamzsrwzazc7r7y4-prybar-nodejs-0.0.0-24a859a/bin:/nix/store/mav4251if1ahjq5vkpwycyyvnmy459c4-pulseaudio-14.2/bin:/nix/store/2py1rvdx7y7fbi0yffw7dq2bacd15605-rfbproxy-0.0.0-b81eb2f/bin:/nix/store/ym92fvm2g4spfssz266w5vspnbqr7w6k-toml-editor-0.0.0-62d1f88/bin:/nix/store/6y6wm49s0gc6ibdm6h24xp7qrwkncagj-nix-editor-0.0.0-b0aab6f/bin:/nix/store/0b2bvviijkvq2nvm04dbq3lwlq7h742m-tigervnc-1.12.0/bin:/nix/store/7v07bmyfjq0jdnx6xwxlib05na8kksdf-xwininfo-1.1.4/bin:/nix/store/gfvyxpnr8ji58pdhy7ns4zqy57z34aqm-replbox/bin:/home/runner/.nix-profile/bin:/home/runner/.local/bin:/usr/local/sbin:/usr/local/bin:/usr/sbin:/usr/bin:/sbin:/bin

Yarn version: 
  1.22.17

Node version: 
  14.18.3

Platform: 
  linux x64

Trace: 
  Error: https://registry.yarnpkg.com/rxjs/-/rxjs-6.6.7.tgz: ESOCKETTIMEDOUT
      at ClientRequest.<anonymous> (/nix/store/ms6qmg7zicwy03rq9radb922ylqywxqq-yarn-1.22.17/lib/node_modules/yarn/lib/cli.js:141510:19)
      at Object.onceWrapper (events.js:519:28)
      at ClientRequest.emit (events.js:400:28)
      at TLSSocket.emitRequestTimeout (_http_client.js:790:9)
      at Object.onceWrapper (events.js:519:28)
      at TLSSocket.emit (events.js:412:35)
      at TLSSocket.Socket._onTimeout (net.js:495:8)
      at listOnTimeout (internal/timers.js:557:17)
      at processTimers (internal/timers.js:500:7)

npm manifest: 
  {
    "name": "my-app",
    "version": "0.1.0",
    "private": true,
    "scripts": {
      "dev": "next dev",
      "build": "next build",
      "start": "next start",
      "lint": "next lint"
    },
    "dependencies": {
     "@thirdweb-dev/react": "^2.5.1",
      "@thirdweb-dev/sdk": "^2",
      "ethers": "^5.6.9",
      "next": "^12.1.6",
      "react": "^18.1.0",
      "react-dom": "^18.1.0",
      "react-toastify": "^9.0.7",
      "toastify-js": "^1.12.0",
      "truncate-eth-address": "^1.0.2"
    },
    "devDependencies": {
      "@types/node": "18.0.1",
      "@types/react": "18.0.14",
      "@types/react-dom": "18.0.5",
      "eslint": "8.19.0",
      "eslint-config-next": "12.2.0",
      "typescript": "4.7.4"
    }
  }

yarn manifest: 
  No manifest

Lockfile: 
  No lockfile
